Performing C SOURCE FILE Test CMAKE_HAVE_LIBC_PTHREAD failed with the following output:
Change Dir: /home/rocket/git_sources/udacity/cpp_nanodegree/CppND-Route-Planning-Project/build/CMakeFiles/CMakeTmp

Run Build Command(s):/usr/bin/make cmTC_74e89/fast && /usr/bin/make -f CMakeFiles/cmTC_74e89.dir/build.make CMakeFiles/cmTC_74e89.dir/build
make[1]: Entering directory '/home/rocket/git_sources/udacity/cpp_nanodegree/CppND-Route-Planning-Project/build/CMakeFiles/CMakeTmp'
Building C object CMakeFiles/cmTC_74e89.dir/src.c.o
/usr/bin/cc   -DCMAKE_HAVE_LIBC_PTHREAD   -o CMakeFiles/cmTC_74e89.dir/src.c.o   -c /home/rocket/git_sources/udacity/cpp_nanodegree/CppND-Route-Planning-Project/build/CMakeFiles/CMakeTmp/src.c
Linking C executable cmTC_74e89
/usr/bin/cmake -E cmake_link_script CMakeFiles/cmTC_74e89.dir/link.txt --verbose=1
/usr/bin/cc  -DCMAKE_HAVE_LIBC_PTHREAD    -rdynamic CMakeFiles/cmTC_74e89.dir/src.c.o  -o cmTC_74e89 
CMakeFiles/cmTC_74e89.dir/src.c.o: In function `main':
src.c:(.text+0x3c): undefined reference to `pthread_create'
src.c:(.text+0x48): undefined reference to `pthread_detach'
src.c:(.text+0x54): undefined reference to `pthread_cancel'
src.c:(.text+0x65): undefined reference to `pthread_join'
src.c:(.text+0x79): undefined reference to `pthread_atfork'
collect2: error: ld returned 1 exit status
CMakeFiles/cmTC_74e89.dir/build.make:103: recipe for target 'cmTC_74e89' failed
make[1]: *** [cmTC_74e89] Error 1
make[1]: Leaving directory '/home/rocket/git_sources/udacity/cpp_nanodegree/CppND-Route-Planning-Project/build/CMakeFiles/CMakeTmp'
Makefile:138: recipe for target 'cmTC_74e89/fast' failed
make: *** [cmTC_74e89/fast] Error 2


Source file was:
#include <pthread.h>

void* test_func(void* data)
{
  return data;
}

int main(void)
{
  pthread_t thread;
  pthread_create(&thread, NULL, test_func, NULL);
  pthread_detach(thread);
  pthread_cancel(thread);
  pthread_join(thread, NULL);
  pthread_atfork(NULL, NULL, NULL);
  pthread_exit(NULL);

  return 0;
}

Determining if the function pthread_create exists in the pthreads failed with the following output:
Change Dir: /home/rocket/git_sources/udacity/cpp_nanodegree/CppND-Route-Planning-Project/build/CMakeFiles/CMakeTmp

Run Build Command(s):/usr/bin/make cmTC_ce5b0/fast && /usr/bin/make -f CMakeFiles/cmTC_ce5b0.dir/build.make CMakeFiles/cmTC_ce5b0.dir/build
make[1]: Entering directory '/home/rocket/git_sources/udacity/cpp_nanodegree/CppND-Route-Planning-Project/build/CMakeFiles/CMakeTmp'
Building C object CMakeFiles/cmTC_ce5b0.dir/CheckFunctionExists.c.o
/usr/bin/cc   -DCHECK_FUNCTION_EXISTS=pthread_create   -o CMakeFiles/cmTC_ce5b0.dir/CheckFunctionExists.c.o   -c /usr/share/cmake-3.17/Modules/CheckFunctionExists.c
Linking C executable cmTC_ce5b0
/usr/bin/cmake -E cmake_link_script CMakeFiles/cmTC_ce5b0.dir/link.txt --verbose=1
/usr/bin/cc  -DCHECK_FUNCTION_EXISTS=pthread_create    -rdynamic CMakeFiles/cmTC_ce5b0.dir/CheckFunctionExists.c.o  -o cmTC_ce5b0  -lpthreads 
/usr/bin/ld: cannot find -lpthreads
collect2: error: ld returned 1 exit status
CMakeFiles/cmTC_ce5b0.dir/build.make:103: recipe for target 'cmTC_ce5b0' failed
make[1]: *** [cmTC_ce5b0] Error 1
make[1]: Leaving directory '/home/rocket/git_sources/udacity/cpp_nanodegree/CppND-Route-Planning-Project/build/CMakeFiles/CMakeTmp'
Makefile:138: recipe for target 'cmTC_ce5b0/fast' failed
make: *** [cmTC_ce5b0/fast] Error 2



